<?xml version="1.0" encoding="UTF-8"?>
<testsuite name="com.restapi.studyspring.events.EventControllerTests" tests="1" skipped="0" failures="0" errors="0" timestamp="2023-11-15T06:52:06" hostname="DESKTOP-M5HAPDL" time="1.099">
  <properties/>
  <testcase name="createEvent_Bad_Request()" classname="com.restapi.studyspring.events.EventControllerTests" time="1.099"/>
  <system-out><![CDATA[15:52:00.469 [Test worker] INFO org.springframework.test.context.support.AnnotationConfigContextLoaderUtils -- Could not detect default configuration classes for test class [com.restapi.studyspring.events.EventControllerTests]: EventControllerTests does not declare any static, non-private, non-final, nested classes annotated with @Configuration.
15:52:00.701 [Test worker] INFO org.springframework.boot.test.context.SpringBootTestContextBootstrapper -- Found @SpringBootConfiguration com.restapi.studyspring.StudySpringApplication for test class com.restapi.studyspring.events.EventControllerTests

  .   ____          _            __ _ _
 /\\ / ___'_ __ _ _(_)_ __  __ _ \ \ \ \
( ( )\___ | '_ | '_| | '_ \/ _` | \ \ \ \
 \\/  ___)| |_)| | | | | || (_| |  ) ) ) )
  '  |____| .__|_| |_|_| |_\__, | / / / /
 =========|_|==============|___/=/_/_/_/
 :: Spring Boot ::                (v3.1.5)

2023-11-15T15:52:01.367+09:00  INFO 9032 --- [    Test worker] c.r.s.events.EventControllerTests        : Starting EventControllerTests using Java 17.0.7 with PID 9032 (started by 2076285 in C:\Users\2076285\Desktop\GDSC-Springboot-Study\study-spring)
2023-11-15T15:52:01.369+09:00  INFO 9032 --- [    Test worker] c.r.s.events.EventControllerTests        : No active profile set, falling back to 1 default profile: "default"
2023-11-15T15:52:02.317+09:00  INFO 9032 --- [    Test worker] .s.d.r.c.RepositoryConfigurationDelegate : Bootstrapping Spring Data JPA repositories in DEFAULT mode.
2023-11-15T15:52:02.409+09:00  INFO 9032 --- [    Test worker] .s.d.r.c.RepositoryConfigurationDelegate : Finished Spring Data repository scanning in 74 ms. Found 1 JPA repository interfaces.
2023-11-15T15:52:03.111+09:00  INFO 9032 --- [    Test worker] com.zaxxer.hikari.HikariDataSource       : HikariPool-1 - Starting...
2023-11-15T15:52:03.480+09:00  INFO 9032 --- [    Test worker] com.zaxxer.hikari.pool.HikariPool        : HikariPool-1 - Added connection conn0: url=jdbc:h2:mem:e05795ac-9df6-4720-b193-2c6c4be27cb4 user=SA
2023-11-15T15:52:03.482+09:00  INFO 9032 --- [    Test worker] com.zaxxer.hikari.HikariDataSource       : HikariPool-1 - Start completed.
2023-11-15T15:52:03.561+09:00  INFO 9032 --- [    Test worker] o.hibernate.jpa.internal.util.LogHelper  : HHH000204: Processing PersistenceUnitInfo [name: default]
2023-11-15T15:52:03.673+09:00  INFO 9032 --- [    Test worker] org.hibernate.Version                    : HHH000412: Hibernate ORM core version 6.2.13.Final
2023-11-15T15:52:03.679+09:00  INFO 9032 --- [    Test worker] org.hibernate.cfg.Environment            : HHH000406: Using bytecode reflection optimizer
2023-11-15T15:52:04.303+09:00  INFO 9032 --- [    Test worker] o.s.o.j.p.SpringPersistenceUnitInfo      : No LoadTimeWeaver setup: ignoring JPA class transformer
2023-11-15T15:52:05.533+09:00  INFO 9032 --- [    Test worker] o.h.e.t.j.p.i.JtaPlatformInitiator       : HHH000489: No JTA platform available (set 'hibernate.transaction.jta.platform' to enable JTA platform integration)
2023-11-15T15:52:05.577+09:00  INFO 9032 --- [    Test worker] j.LocalContainerEntityManagerFactoryBean : Initialized JPA EntityManagerFactory for persistence unit 'default'
2023-11-15T15:52:06.165+09:00  WARN 9032 --- [    Test worker] JpaBaseConfiguration$JpaWebConfiguration : spring.jpa.open-in-view is enabled by default. Therefore, database queries may be performed during view rendering. Explicitly configure spring.jpa.open-in-view to disable this warning
2023-11-15T15:52:06.881+09:00  INFO 9032 --- [    Test worker] o.s.b.t.m.w.SpringBootMockServletContext : Initializing Spring TestDispatcherServlet ''
2023-11-15T15:52:06.881+09:00  INFO 9032 --- [    Test worker] o.s.t.web.servlet.TestDispatcherServlet  : Initializing Servlet ''
2023-11-15T15:52:06.885+09:00  INFO 9032 --- [    Test worker] o.s.t.web.servlet.TestDispatcherServlet  : Completed initialization in 1 ms
2023-11-15T15:52:06.926+09:00  INFO 9032 --- [    Test worker] c.r.s.events.EventControllerTests        : Started EventControllerTests in 5.955 seconds (process running for 8.101)
2023-11-15T15:52:08.016+09:00  WARN 9032 --- [    Test worker] .w.s.m.s.DefaultHandlerExceptionResolver : Resolved [org.springframework.http.converter.HttpMessageNotReadableException: JSON parse error: Unrecognized field "id" (class com.restapi.studyspring.events.EventDto), not marked as ignorable]

MockHttpServletRequest:
      HTTP Method = POST
      Request URI = /api/events
       Parameters = {}
          Headers = [Content-Type:"application/json;charset=UTF-8", Accept:"application/hal+json", Content-Length:"406"]
             Body = {"id":100,"name":"Spring","description":"REST API Development with Spring","beginEnrollmentDateTime":"2023-11-15T12:29:00","closeEnrollmentDateTime":"2023-11-17T12:29:00","beginEventDateTime":"2023-11-19T12:29:00","endEventDateTime":"2023-11-21T12:29:00","location":"노고산동 강히비앤비","basePrice":100,"maxPrice":200,"limitOfEnrollment":100,"offline":false,"free":true,"eventStatus":"PUBLISHED"}
    Session Attrs = {}

Handler:
             Type = com.restapi.studyspring.events.EventController
           Method = com.restapi.studyspring.events.EventController#createEvent(EventDto)

Async:
    Async started = false
     Async result = null

Resolved Exception:
             Type = org.springframework.http.converter.HttpMessageNotReadableException

ModelAndView:
        View name = null
             View = null
            Model = null

FlashMap:
       Attributes = null

MockHttpServletResponse:
           Status = 400
    Error message = null
          Headers = []
     Content type = null
             Body = 
    Forwarded URL = null
   Redirected URL = null
          Cookies = []
]]></system-out>
  <system-err><![CDATA[]]></system-err>
</testsuite>
